  open_gl_assignment_move_stuff.cpp
C:\Users\wael2\Downloads\open_gl_assignment_move_stuff\open_gl_assignment_move_stuff\open_gl_assignment_move_stuff.cpp(65,16): warning C4244: 'initializing': conversion from 'double' to 'int', possible loss of data
C:\Users\wael2\Downloads\open_gl_assignment_move_stuff\open_gl_assignment_move_stuff\open_gl_assignment_move_stuff.cpp(66,16): warning C4244: 'initializing': conversion from 'double' to 'int', possible loss of data
C:\Users\wael2\Downloads\open_gl_assignment_move_stuff\open_gl_assignment_move_stuff\open_gl_assignment_move_stuff.cpp(67,16): warning C4244: 'initializing': conversion from 'double' to 'int', possible loss of data
C:\Users\wael2\Downloads\open_gl_assignment_move_stuff\open_gl_assignment_move_stuff\open_gl_assignment_move_stuff.cpp(68,16): warning C4244: 'initializing': conversion from 'double' to 'int', possible loss of data
C:\Users\wael2\Downloads\open_gl_assignment_move_stuff\open_gl_assignment_move_stuff\open_gl_assignment_move_stuff.cpp(69,16): warning C4244: 'initializing': conversion from 'double' to 'int', possible loss of data
C:\Users\wael2\Downloads\open_gl_assignment_move_stuff\open_gl_assignment_move_stuff\open_gl_assignment_move_stuff.cpp(69,26): warning C4244: 'initializing': conversion from 'double' to 'int', possible loss of data
C:\Users\wael2\Downloads\open_gl_assignment_move_stuff\open_gl_assignment_move_stuff\open_gl_assignment_move_stuff.cpp(69,36): warning C4244: 'initializing': conversion from 'double' to 'int', possible loss of data
C:\Users\wael2\Downloads\open_gl_assignment_move_stuff\open_gl_assignment_move_stuff\open_gl_assignment_move_stuff.cpp(69,46): warning C4244: 'initializing': conversion from 'double' to 'int', possible loss of data
C:\Users\wael2\Downloads\open_gl_assignment_move_stuff\open_gl_assignment_move_stuff\open_gl_assignment_move_stuff.cpp(73,35): warning C4305: 'argument': truncation from 'double' to 'GLfloat'
C:\Users\wael2\Downloads\open_gl_assignment_move_stuff\open_gl_assignment_move_stuff\open_gl_assignment_move_stuff.cpp(74,24): warning C4244: 'argument': conversion from 'int' to 'GLfloat', possible loss of data
C:\Users\wael2\Downloads\open_gl_assignment_move_stuff\open_gl_assignment_move_stuff\open_gl_assignment_move_stuff.cpp(74,20): warning C4244: 'argument': conversion from 'int' to 'GLfloat', possible loss of data
C:\Users\wael2\Downloads\open_gl_assignment_move_stuff\open_gl_assignment_move_stuff\open_gl_assignment_move_stuff.cpp(75,24): warning C4244: 'argument': conversion from 'int' to 'GLfloat', possible loss of data
C:\Users\wael2\Downloads\open_gl_assignment_move_stuff\open_gl_assignment_move_stuff\open_gl_assignment_move_stuff.cpp(75,20): warning C4244: 'argument': conversion from 'int' to 'GLfloat', possible loss of data
C:\Users\wael2\Downloads\open_gl_assignment_move_stuff\open_gl_assignment_move_stuff\open_gl_assignment_move_stuff.cpp(76,24): warning C4244: 'argument': conversion from 'int' to 'GLfloat', possible loss of data
C:\Users\wael2\Downloads\open_gl_assignment_move_stuff\open_gl_assignment_move_stuff\open_gl_assignment_move_stuff.cpp(76,20): warning C4244: 'argument': conversion from 'int' to 'GLfloat', possible loss of data
C:\Users\wael2\Downloads\open_gl_assignment_move_stuff\open_gl_assignment_move_stuff\open_gl_assignment_move_stuff.cpp(77,24): warning C4244: 'argument': conversion from 'int' to 'GLfloat', possible loss of data
C:\Users\wael2\Downloads\open_gl_assignment_move_stuff\open_gl_assignment_move_stuff\open_gl_assignment_move_stuff.cpp(77,20): warning C4244: 'argument': conversion from 'int' to 'GLfloat', possible loss of data
C:\Users\wael2\Downloads\open_gl_assignment_move_stuff\open_gl_assignment_move_stuff\open_gl_assignment_move_stuff.cpp(113,16): warning C4244: 'initializing': conversion from 'double' to 'int', possible loss of data
C:\Users\wael2\Downloads\open_gl_assignment_move_stuff\open_gl_assignment_move_stuff\open_gl_assignment_move_stuff.cpp(114,16): warning C4244: 'initializing': conversion from 'double' to 'int', possible loss of data
C:\Users\wael2\Downloads\open_gl_assignment_move_stuff\open_gl_assignment_move_stuff\open_gl_assignment_move_stuff.cpp(115,16): warning C4244: 'initializing': conversion from 'double' to 'int', possible loss of data
C:\Users\wael2\Downloads\open_gl_assignment_move_stuff\open_gl_assignment_move_stuff\open_gl_assignment_move_stuff.cpp(116,16): warning C4244: 'initializing': conversion from 'double' to 'int', possible loss of data
C:\Users\wael2\Downloads\open_gl_assignment_move_stuff\open_gl_assignment_move_stuff\open_gl_assignment_move_stuff.cpp(117,16): warning C4244: 'initializing': conversion from 'double' to 'int', possible loss of data
C:\Users\wael2\Downloads\open_gl_assignment_move_stuff\open_gl_assignment_move_stuff\open_gl_assignment_move_stuff.cpp(117,26): warning C4244: 'initializing': conversion from 'double' to 'int', possible loss of data
C:\Users\wael2\Downloads\open_gl_assignment_move_stuff\open_gl_assignment_move_stuff\open_gl_assignment_move_stuff.cpp(117,36): warning C4244: 'initializing': conversion from 'double' to 'int', possible loss of data
C:\Users\wael2\Downloads\open_gl_assignment_move_stuff\open_gl_assignment_move_stuff\open_gl_assignment_move_stuff.cpp(117,46): warning C4244: 'initializing': conversion from 'double' to 'int', possible loss of data
C:\Users\wael2\Downloads\open_gl_assignment_move_stuff\open_gl_assignment_move_stuff\open_gl_assignment_move_stuff.cpp(121,35): warning C4305: 'argument': truncation from 'double' to 'GLfloat'
C:\Users\wael2\Downloads\open_gl_assignment_move_stuff\open_gl_assignment_move_stuff\open_gl_assignment_move_stuff.cpp(122,24): warning C4244: 'argument': conversion from 'int' to 'GLfloat', possible loss of data
C:\Users\wael2\Downloads\open_gl_assignment_move_stuff\open_gl_assignment_move_stuff\open_gl_assignment_move_stuff.cpp(122,20): warning C4244: 'argument': conversion from 'int' to 'GLfloat', possible loss of data
C:\Users\wael2\Downloads\open_gl_assignment_move_stuff\open_gl_assignment_move_stuff\open_gl_assignment_move_stuff.cpp(123,24): warning C4244: 'argument': conversion from 'int' to 'GLfloat', possible loss of data
C:\Users\wael2\Downloads\open_gl_assignment_move_stuff\open_gl_assignment_move_stuff\open_gl_assignment_move_stuff.cpp(123,20): warning C4244: 'argument': conversion from 'int' to 'GLfloat', possible loss of data
C:\Users\wael2\Downloads\open_gl_assignment_move_stuff\open_gl_assignment_move_stuff\open_gl_assignment_move_stuff.cpp(124,24): warning C4244: 'argument': conversion from 'int' to 'GLfloat', possible loss of data
C:\Users\wael2\Downloads\open_gl_assignment_move_stuff\open_gl_assignment_move_stuff\open_gl_assignment_move_stuff.cpp(124,20): warning C4244: 'argument': conversion from 'int' to 'GLfloat', possible loss of data
C:\Users\wael2\Downloads\open_gl_assignment_move_stuff\open_gl_assignment_move_stuff\open_gl_assignment_move_stuff.cpp(125,24): warning C4244: 'argument': conversion from 'int' to 'GLfloat', possible loss of data
C:\Users\wael2\Downloads\open_gl_assignment_move_stuff\open_gl_assignment_move_stuff\open_gl_assignment_move_stuff.cpp(125,20): warning C4244: 'argument': conversion from 'int' to 'GLfloat', possible loss of data
C:\Users\wael2\Downloads\open_gl_assignment_move_stuff\open_gl_assignment_move_stuff\open_gl_assignment_move_stuff.cpp(162,16): warning C4244: 'initializing': conversion from 'double' to 'int', possible loss of data
C:\Users\wael2\Downloads\open_gl_assignment_move_stuff\open_gl_assignment_move_stuff\open_gl_assignment_move_stuff.cpp(163,16): warning C4244: 'initializing': conversion from 'double' to 'int', possible loss of data
C:\Users\wael2\Downloads\open_gl_assignment_move_stuff\open_gl_assignment_move_stuff\open_gl_assignment_move_stuff.cpp(164,16): warning C4244: 'initializing': conversion from 'double' to 'int', possible loss of data
C:\Users\wael2\Downloads\open_gl_assignment_move_stuff\open_gl_assignment_move_stuff\open_gl_assignment_move_stuff.cpp(165,16): warning C4244: 'initializing': conversion from 'double' to 'int', possible loss of data
C:\Users\wael2\Downloads\open_gl_assignment_move_stuff\open_gl_assignment_move_stuff\open_gl_assignment_move_stuff.cpp(166,16): warning C4244: 'initializing': conversion from 'double' to 'int', possible loss of data
C:\Users\wael2\Downloads\open_gl_assignment_move_stuff\open_gl_assignment_move_stuff\open_gl_assignment_move_stuff.cpp(166,26): warning C4244: 'initializing': conversion from 'double' to 'int', possible loss of data
C:\Users\wael2\Downloads\open_gl_assignment_move_stuff\open_gl_assignment_move_stuff\open_gl_assignment_move_stuff.cpp(166,36): warning C4244: 'initializing': conversion from 'double' to 'int', possible loss of data
C:\Users\wael2\Downloads\open_gl_assignment_move_stuff\open_gl_assignment_move_stuff\open_gl_assignment_move_stuff.cpp(166,46): warning C4244: 'initializing': conversion from 'double' to 'int', possible loss of data
C:\Users\wael2\Downloads\open_gl_assignment_move_stuff\open_gl_assignment_move_stuff\open_gl_assignment_move_stuff.cpp(170,35): warning C4305: 'argument': truncation from 'double' to 'GLfloat'
C:\Users\wael2\Downloads\open_gl_assignment_move_stuff\open_gl_assignment_move_stuff\open_gl_assignment_move_stuff.cpp(171,24): warning C4244: 'argument': conversion from 'int' to 'GLfloat', possible loss of data
C:\Users\wael2\Downloads\open_gl_assignment_move_stuff\open_gl_assignment_move_stuff\open_gl_assignment_move_stuff.cpp(171,20): warning C4244: 'argument': conversion from 'int' to 'GLfloat', possible loss of data
C:\Users\wael2\Downloads\open_gl_assignment_move_stuff\open_gl_assignment_move_stuff\open_gl_assignment_move_stuff.cpp(172,24): warning C4244: 'argument': conversion from 'int' to 'GLfloat', possible loss of data
C:\Users\wael2\Downloads\open_gl_assignment_move_stuff\open_gl_assignment_move_stuff\open_gl_assignment_move_stuff.cpp(172,20): warning C4244: 'argument': conversion from 'int' to 'GLfloat', possible loss of data
C:\Users\wael2\Downloads\open_gl_assignment_move_stuff\open_gl_assignment_move_stuff\open_gl_assignment_move_stuff.cpp(173,24): warning C4244: 'argument': conversion from 'int' to 'GLfloat', possible loss of data
C:\Users\wael2\Downloads\open_gl_assignment_move_stuff\open_gl_assignment_move_stuff\open_gl_assignment_move_stuff.cpp(173,20): warning C4244: 'argument': conversion from 'int' to 'GLfloat', possible loss of data
C:\Users\wael2\Downloads\open_gl_assignment_move_stuff\open_gl_assignment_move_stuff\open_gl_assignment_move_stuff.cpp(174,24): warning C4244: 'argument': conversion from 'int' to 'GLfloat', possible loss of data
C:\Users\wael2\Downloads\open_gl_assignment_move_stuff\open_gl_assignment_move_stuff\open_gl_assignment_move_stuff.cpp(174,20): warning C4244: 'argument': conversion from 'int' to 'GLfloat', possible loss of data
C:\Users\wael2\Downloads\open_gl_assignment_move_stuff\open_gl_assignment_move_stuff\open_gl_assignment_move_stuff.cpp(210,16): warning C4244: 'initializing': conversion from 'double' to 'int', possible loss of data
C:\Users\wael2\Downloads\open_gl_assignment_move_stuff\open_gl_assignment_move_stuff\open_gl_assignment_move_stuff.cpp(211,16): warning C4244: 'initializing': conversion from 'double' to 'int', possible loss of data
C:\Users\wael2\Downloads\open_gl_assignment_move_stuff\open_gl_assignment_move_stuff\open_gl_assignment_move_stuff.cpp(212,16): warning C4244: 'initializing': conversion from 'double' to 'int', possible loss of data
C:\Users\wael2\Downloads\open_gl_assignment_move_stuff\open_gl_assignment_move_stuff\open_gl_assignment_move_stuff.cpp(213,16): warning C4244: 'initializing': conversion from 'double' to 'int', possible loss of data
C:\Users\wael2\Downloads\open_gl_assignment_move_stuff\open_gl_assignment_move_stuff\open_gl_assignment_move_stuff.cpp(214,16): warning C4244: 'initializing': conversion from 'double' to 'int', possible loss of data
C:\Users\wael2\Downloads\open_gl_assignment_move_stuff\open_gl_assignment_move_stuff\open_gl_assignment_move_stuff.cpp(214,26): warning C4244: 'initializing': conversion from 'double' to 'int', possible loss of data
C:\Users\wael2\Downloads\open_gl_assignment_move_stuff\open_gl_assignment_move_stuff\open_gl_assignment_move_stuff.cpp(214,36): warning C4244: 'initializing': conversion from 'double' to 'int', possible loss of data
C:\Users\wael2\Downloads\open_gl_assignment_move_stuff\open_gl_assignment_move_stuff\open_gl_assignment_move_stuff.cpp(214,46): warning C4244: 'initializing': conversion from 'double' to 'int', possible loss of data
C:\Users\wael2\Downloads\open_gl_assignment_move_stuff\open_gl_assignment_move_stuff\open_gl_assignment_move_stuff.cpp(218,35): warning C4305: 'argument': truncation from 'double' to 'GLfloat'
C:\Users\wael2\Downloads\open_gl_assignment_move_stuff\open_gl_assignment_move_stuff\open_gl_assignment_move_stuff.cpp(219,24): warning C4244: 'argument': conversion from 'int' to 'GLfloat', possible loss of data
C:\Users\wael2\Downloads\open_gl_assignment_move_stuff\open_gl_assignment_move_stuff\open_gl_assignment_move_stuff.cpp(219,20): warning C4244: 'argument': conversion from 'int' to 'GLfloat', possible loss of data
C:\Users\wael2\Downloads\open_gl_assignment_move_stuff\open_gl_assignment_move_stuff\open_gl_assignment_move_stuff.cpp(220,24): warning C4244: 'argument': conversion from 'int' to 'GLfloat', possible loss of data
C:\Users\wael2\Downloads\open_gl_assignment_move_stuff\open_gl_assignment_move_stuff\open_gl_assignment_move_stuff.cpp(220,20): warning C4244: 'argument': conversion from 'int' to 'GLfloat', possible loss of data
C:\Users\wael2\Downloads\open_gl_assignment_move_stuff\open_gl_assignment_move_stuff\open_gl_assignment_move_stuff.cpp(221,24): warning C4244: 'argument': conversion from 'int' to 'GLfloat', possible loss of data
C:\Users\wael2\Downloads\open_gl_assignment_move_stuff\open_gl_assignment_move_stuff\open_gl_assignment_move_stuff.cpp(221,20): warning C4244: 'argument': conversion from 'int' to 'GLfloat', possible loss of data
C:\Users\wael2\Downloads\open_gl_assignment_move_stuff\open_gl_assignment_move_stuff\open_gl_assignment_move_stuff.cpp(222,24): warning C4244: 'argument': conversion from 'int' to 'GLfloat', possible loss of data
C:\Users\wael2\Downloads\open_gl_assignment_move_stuff\open_gl_assignment_move_stuff\open_gl_assignment_move_stuff.cpp(222,20): warning C4244: 'argument': conversion from 'int' to 'GLfloat', possible loss of data
C:\Users\wael2\Downloads\open_gl_assignment_move_stuff\open_gl_assignment_move_stuff\open_gl_assignment_move_stuff.cpp(258,16): warning C4244: 'initializing': conversion from 'double' to 'int', possible loss of data
C:\Users\wael2\Downloads\open_gl_assignment_move_stuff\open_gl_assignment_move_stuff\open_gl_assignment_move_stuff.cpp(259,16): warning C4244: 'initializing': conversion from 'double' to 'int', possible loss of data
C:\Users\wael2\Downloads\open_gl_assignment_move_stuff\open_gl_assignment_move_stuff\open_gl_assignment_move_stuff.cpp(260,16): warning C4244: 'initializing': conversion from 'double' to 'int', possible loss of data
C:\Users\wael2\Downloads\open_gl_assignment_move_stuff\open_gl_assignment_move_stuff\open_gl_assignment_move_stuff.cpp(261,16): warning C4244: 'initializing': conversion from 'double' to 'int', possible loss of data
C:\Users\wael2\Downloads\open_gl_assignment_move_stuff\open_gl_assignment_move_stuff\open_gl_assignment_move_stuff.cpp(262,16): warning C4244: 'initializing': conversion from 'double' to 'int', possible loss of data
C:\Users\wael2\Downloads\open_gl_assignment_move_stuff\open_gl_assignment_move_stuff\open_gl_assignment_move_stuff.cpp(262,26): warning C4244: 'initializing': conversion from 'double' to 'int', possible loss of data
C:\Users\wael2\Downloads\open_gl_assignment_move_stuff\open_gl_assignment_move_stuff\open_gl_assignment_move_stuff.cpp(262,36): warning C4244: 'initializing': conversion from 'double' to 'int', possible loss of data
C:\Users\wael2\Downloads\open_gl_assignment_move_stuff\open_gl_assignment_move_stuff\open_gl_assignment_move_stuff.cpp(262,46): warning C4244: 'initializing': conversion from 'double' to 'int', possible loss of data
C:\Users\wael2\Downloads\open_gl_assignment_move_stuff\open_gl_assignment_move_stuff\open_gl_assignment_move_stuff.cpp(266,35): warning C4305: 'argument': truncation from 'double' to 'GLfloat'
C:\Users\wael2\Downloads\open_gl_assignment_move_stuff\open_gl_assignment_move_stuff\open_gl_assignment_move_stuff.cpp(267,24): warning C4244: 'argument': conversion from 'int' to 'GLfloat', possible loss of data
C:\Users\wael2\Downloads\open_gl_assignment_move_stuff\open_gl_assignment_move_stuff\open_gl_assignment_move_stuff.cpp(267,20): warning C4244: 'argument': conversion from 'int' to 'GLfloat', possible loss of data
C:\Users\wael2\Downloads\open_gl_assignment_move_stuff\open_gl_assignment_move_stuff\open_gl_assignment_move_stuff.cpp(268,24): warning C4244: 'argument': conversion from 'int' to 'GLfloat', possible loss of data
C:\Users\wael2\Downloads\open_gl_assignment_move_stuff\open_gl_assignment_move_stuff\open_gl_assignment_move_stuff.cpp(268,20): warning C4244: 'argument': conversion from 'int' to 'GLfloat', possible loss of data
C:\Users\wael2\Downloads\open_gl_assignment_move_stuff\open_gl_assignment_move_stuff\open_gl_assignment_move_stuff.cpp(269,24): warning C4244: 'argument': conversion from 'int' to 'GLfloat', possible loss of data
C:\Users\wael2\Downloads\open_gl_assignment_move_stuff\open_gl_assignment_move_stuff\open_gl_assignment_move_stuff.cpp(269,20): warning C4244: 'argument': conversion from 'int' to 'GLfloat', possible loss of data
C:\Users\wael2\Downloads\open_gl_assignment_move_stuff\open_gl_assignment_move_stuff\open_gl_assignment_move_stuff.cpp(270,24): warning C4244: 'argument': conversion from 'int' to 'GLfloat', possible loss of data
C:\Users\wael2\Downloads\open_gl_assignment_move_stuff\open_gl_assignment_move_stuff\open_gl_assignment_move_stuff.cpp(270,20): warning C4244: 'argument': conversion from 'int' to 'GLfloat', possible loss of data
C:\Users\wael2\Downloads\open_gl_assignment_move_stuff\open_gl_assignment_move_stuff\open_gl_assignment_move_stuff.cpp(306,16): warning C4244: 'initializing': conversion from 'double' to 'int', possible loss of data
C:\Users\wael2\Downloads\open_gl_assignment_move_stuff\open_gl_assignment_move_stuff\open_gl_assignment_move_stuff.cpp(307,16): warning C4244: 'initializing': conversion from 'double' to 'int', possible loss of data
C:\Users\wael2\Downloads\open_gl_assignment_move_stuff\open_gl_assignment_move_stuff\open_gl_assignment_move_stuff.cpp(308,16): warning C4244: 'initializing': conversion from 'double' to 'int', possible loss of data
C:\Users\wael2\Downloads\open_gl_assignment_move_stuff\open_gl_assignment_move_stuff\open_gl_assignment_move_stuff.cpp(309,16): warning C4244: 'initializing': conversion from 'double' to 'int', possible loss of data
C:\Users\wael2\Downloads\open_gl_assignment_move_stuff\open_gl_assignment_move_stuff\open_gl_assignment_move_stuff.cpp(310,16): warning C4244: 'initializing': conversion from 'double' to 'int', possible loss of data
C:\Users\wael2\Downloads\open_gl_assignment_move_stuff\open_gl_assignment_move_stuff\open_gl_assignment_move_stuff.cpp(310,26): warning C4244: 'initializing': conversion from 'double' to 'int', possible loss of data
C:\Users\wael2\Downloads\open_gl_assignment_move_stuff\open_gl_assignment_move_stuff\open_gl_assignment_move_stuff.cpp(310,36): warning C4244: 'initializing': conversion from 'double' to 'int', possible loss of data
C:\Users\wael2\Downloads\open_gl_assignment_move_stuff\open_gl_assignment_move_stuff\open_gl_assignment_move_stuff.cpp(310,46): warning C4244: 'initializing': conversion from 'double' to 'int', possible loss of data
C:\Users\wael2\Downloads\open_gl_assignment_move_stuff\open_gl_assignment_move_stuff\open_gl_assignment_move_stuff.cpp(314,35): warning C4305: 'argument': truncation from 'double' to 'GLfloat'
C:\Users\wael2\Downloads\open_gl_assignment_move_stuff\open_gl_assignment_move_stuff\open_gl_assignment_move_stuff.cpp(315,24): warning C4244: 'argument': conversion from 'int' to 'GLfloat', possible loss of data
C:\Users\wael2\Downloads\open_gl_assignment_move_stuff\open_gl_assignment_move_stuff\open_gl_assignment_move_stuff.cpp(315,20): warning C4244: 'argument': conversion from 'int' to 'GLfloat', possible loss of data
C:\Users\wael2\Downloads\open_gl_assignment_move_stuff\open_gl_assignment_move_stuff\open_gl_assignment_move_stuff.cpp(316,24): warning C4244: 'argument': conversion from 'int' to 'GLfloat', possible loss of data
C:\Users\wael2\Downloads\open_gl_assignment_move_stuff\open_gl_assignment_move_stuff\open_gl_assignment_move_stuff.cpp(316,20): warning C4244: 'argument': conversion from 'int' to 'GLfloat', possible loss of data
C:\Users\wael2\Downloads\open_gl_assignment_move_stuff\open_gl_assignment_move_stuff\open_gl_assignment_move_stuff.cpp(317,24): warning C4244: 'argument': conversion from 'int' to 'GLfloat', possible loss of data
C:\Users\wael2\Downloads\open_gl_assignment_move_stuff\open_gl_assignment_move_stuff\open_gl_assignment_move_stuff.cpp(317,20): warning C4244: 'argument': conversion from 'int' to 'GLfloat', possible loss of data
C:\Users\wael2\Downloads\open_gl_assignment_move_stuff\open_gl_assignment_move_stuff\open_gl_assignment_move_stuff.cpp(318,24): warning C4244: 'argument': conversion from 'int' to 'GLfloat', possible loss of data
C:\Users\wael2\Downloads\open_gl_assignment_move_stuff\open_gl_assignment_move_stuff\open_gl_assignment_move_stuff.cpp(318,20): warning C4244: 'argument': conversion from 'int' to 'GLfloat', possible loss of data
C:\Users\wael2\Downloads\open_gl_assignment_move_stuff\open_gl_assignment_move_stuff\open_gl_assignment_move_stuff.cpp(355,16): warning C4244: 'initializing': conversion from 'double' to 'int', possible loss of data
C:\Users\wael2\Downloads\open_gl_assignment_move_stuff\open_gl_assignment_move_stuff\open_gl_assignment_move_stuff.cpp(356,16): warning C4244: 'initializing': conversion from 'double' to 'int', possible loss of data
C:\Users\wael2\Downloads\open_gl_assignment_move_stuff\open_gl_assignment_move_stuff\open_gl_assignment_move_stuff.cpp(357,16): warning C4244: 'initializing': conversion from 'double' to 'int', possible loss of data
C:\Users\wael2\Downloads\open_gl_assignment_move_stuff\open_gl_assignment_move_stuff\open_gl_assignment_move_stuff.cpp(358,16): warning C4244: 'initializing': conversion from 'double' to 'int', possible loss of data
C:\Users\wael2\Downloads\open_gl_assignment_move_stuff\open_gl_assignment_move_stuff\open_gl_assignment_move_stuff.cpp(359,16): warning C4244: 'initializing': conversion from 'double' to 'int', possible loss of data
C:\Users\wael2\Downloads\open_gl_assignment_move_stuff\open_gl_assignment_move_stuff\open_gl_assignment_move_stuff.cpp(359,26): warning C4244: 'initializing': conversion from 'double' to 'int', possible loss of data
C:\Users\wael2\Downloads\open_gl_assignment_move_stuff\open_gl_assignment_move_stuff\open_gl_assignment_move_stuff.cpp(359,36): warning C4244: 'initializing': conversion from 'double' to 'int', possible loss of data
C:\Users\wael2\Downloads\open_gl_assignment_move_stuff\open_gl_assignment_move_stuff\open_gl_assignment_move_stuff.cpp(359,46): warning C4244: 'initializing': conversion from 'double' to 'int', possible loss of data
C:\Users\wael2\Downloads\open_gl_assignment_move_stuff\open_gl_assignment_move_stuff\open_gl_assignment_move_stuff.cpp(363,35): warning C4305: 'argument': truncation from 'double' to 'GLfloat'
C:\Users\wael2\Downloads\open_gl_assignment_move_stuff\open_gl_assignment_move_stuff\open_gl_assignment_move_stuff.cpp(364,24): warning C4244: 'argument': conversion from 'int' to 'GLfloat', possible loss of data
C:\Users\wael2\Downloads\open_gl_assignment_move_stuff\open_gl_assignment_move_stuff\open_gl_assignment_move_stuff.cpp(364,20): warning C4244: 'argument': conversion from 'int' to 'GLfloat', possible loss of data
C:\Users\wael2\Downloads\open_gl_assignment_move_stuff\open_gl_assignment_move_stuff\open_gl_assignment_move_stuff.cpp(365,24): warning C4244: 'argument': conversion from 'int' to 'GLfloat', possible loss of data
C:\Users\wael2\Downloads\open_gl_assignment_move_stuff\open_gl_assignment_move_stuff\open_gl_assignment_move_stuff.cpp(365,20): warning C4244: 'argument': conversion from 'int' to 'GLfloat', possible loss of data
C:\Users\wael2\Downloads\open_gl_assignment_move_stuff\open_gl_assignment_move_stuff\open_gl_assignment_move_stuff.cpp(366,24): warning C4244: 'argument': conversion from 'int' to 'GLfloat', possible loss of data
C:\Users\wael2\Downloads\open_gl_assignment_move_stuff\open_gl_assignment_move_stuff\open_gl_assignment_move_stuff.cpp(366,20): warning C4244: 'argument': conversion from 'int' to 'GLfloat', possible loss of data
C:\Users\wael2\Downloads\open_gl_assignment_move_stuff\open_gl_assignment_move_stuff\open_gl_assignment_move_stuff.cpp(367,24): warning C4244: 'argument': conversion from 'int' to 'GLfloat', possible loss of data
C:\Users\wael2\Downloads\open_gl_assignment_move_stuff\open_gl_assignment_move_stuff\open_gl_assignment_move_stuff.cpp(367,20): warning C4244: 'argument': conversion from 'int' to 'GLfloat', possible loss of data
C:\Users\wael2\Downloads\open_gl_assignment_move_stuff\open_gl_assignment_move_stuff\open_gl_assignment_move_stuff.cpp(404,16): warning C4244: 'initializing': conversion from 'double' to 'int', possible loss of data
C:\Users\wael2\Downloads\open_gl_assignment_move_stuff\open_gl_assignment_move_stuff\open_gl_assignment_move_stuff.cpp(405,16): warning C4244: 'initializing': conversion from 'double' to 'int', possible loss of data
C:\Users\wael2\Downloads\open_gl_assignment_move_stuff\open_gl_assignment_move_stuff\open_gl_assignment_move_stuff.cpp(406,16): warning C4244: 'initializing': conversion from 'double' to 'int', possible loss of data
C:\Users\wael2\Downloads\open_gl_assignment_move_stuff\open_gl_assignment_move_stuff\open_gl_assignment_move_stuff.cpp(407,16): warning C4244: 'initializing': conversion from 'double' to 'int', possible loss of data
C:\Users\wael2\Downloads\open_gl_assignment_move_stuff\open_gl_assignment_move_stuff\open_gl_assignment_move_stuff.cpp(408,16): warning C4244: 'initializing': conversion from 'double' to 'int', possible loss of data
C:\Users\wael2\Downloads\open_gl_assignment_move_stuff\open_gl_assignment_move_stuff\open_gl_assignment_move_stuff.cpp(408,26): warning C4244: 'initializing': conversion from 'double' to 'int', possible loss of data
C:\Users\wael2\Downloads\open_gl_assignment_move_stuff\open_gl_assignment_move_stuff\open_gl_assignment_move_stuff.cpp(408,36): warning C4244: 'initializing': conversion from 'double' to 'int', possible loss of data
C:\Users\wael2\Downloads\open_gl_assignment_move_stuff\open_gl_assignment_move_stuff\open_gl_assignment_move_stuff.cpp(408,46): warning C4244: 'initializing': conversion from 'double' to 'int', possible loss of data
C:\Users\wael2\Downloads\open_gl_assignment_move_stuff\open_gl_assignment_move_stuff\open_gl_assignment_move_stuff.cpp(412,35): warning C4305: 'argument': truncation from 'double' to 'GLfloat'
C:\Users\wael2\Downloads\open_gl_assignment_move_stuff\open_gl_assignment_move_stuff\open_gl_assignment_move_stuff.cpp(413,24): warning C4244: 'argument': conversion from 'int' to 'GLfloat', possible loss of data
C:\Users\wael2\Downloads\open_gl_assignment_move_stuff\open_gl_assignment_move_stuff\open_gl_assignment_move_stuff.cpp(413,20): warning C4244: 'argument': conversion from 'int' to 'GLfloat', possible loss of data
C:\Users\wael2\Downloads\open_gl_assignment_move_stuff\open_gl_assignment_move_stuff\open_gl_assignment_move_stuff.cpp(414,24): warning C4244: 'argument': conversion from 'int' to 'GLfloat', possible loss of data
C:\Users\wael2\Downloads\open_gl_assignment_move_stuff\open_gl_assignment_move_stuff\open_gl_assignment_move_stuff.cpp(414,20): warning C4244: 'argument': conversion from 'int' to 'GLfloat', possible loss of data
C:\Users\wael2\Downloads\open_gl_assignment_move_stuff\open_gl_assignment_move_stuff\open_gl_assignment_move_stuff.cpp(415,24): warning C4244: 'argument': conversion from 'int' to 'GLfloat', possible loss of data
C:\Users\wael2\Downloads\open_gl_assignment_move_stuff\open_gl_assignment_move_stuff\open_gl_assignment_move_stuff.cpp(415,20): warning C4244: 'argument': conversion from 'int' to 'GLfloat', possible loss of data
C:\Users\wael2\Downloads\open_gl_assignment_move_stuff\open_gl_assignment_move_stuff\open_gl_assignment_move_stuff.cpp(416,24): warning C4244: 'argument': conversion from 'int' to 'GLfloat', possible loss of data
C:\Users\wael2\Downloads\open_gl_assignment_move_stuff\open_gl_assignment_move_stuff\open_gl_assignment_move_stuff.cpp(416,20): warning C4244: 'argument': conversion from 'int' to 'GLfloat', possible loss of data
C:\Users\wael2\Downloads\open_gl_assignment_move_stuff\open_gl_assignment_move_stuff\open_gl_assignment_move_stuff.cpp(426,14): warning C4244: '=': conversion from 'double' to 'int', possible loss of data
C:\Users\wael2\Downloads\open_gl_assignment_move_stuff\open_gl_assignment_move_stuff\open_gl_assignment_move_stuff.cpp(427,14): warning C4244: '=': conversion from 'double' to 'int', possible loss of data
C:\Users\wael2\Downloads\open_gl_assignment_move_stuff\open_gl_assignment_move_stuff\open_gl_assignment_move_stuff.cpp(428,14): warning C4244: '=': conversion from 'double' to 'int', possible loss of data
C:\Users\wael2\Downloads\open_gl_assignment_move_stuff\open_gl_assignment_move_stuff\open_gl_assignment_move_stuff.cpp(429,14): warning C4244: '=': conversion from 'double' to 'int', possible loss of data
C:\Users\wael2\Downloads\open_gl_assignment_move_stuff\open_gl_assignment_move_stuff\open_gl_assignment_move_stuff.cpp(430,14): warning C4244: '=': conversion from 'double' to 'int', possible loss of data
C:\Users\wael2\Downloads\open_gl_assignment_move_stuff\open_gl_assignment_move_stuff\open_gl_assignment_move_stuff.cpp(430,24): warning C4244: '=': conversion from 'double' to 'int', possible loss of data
C:\Users\wael2\Downloads\open_gl_assignment_move_stuff\open_gl_assignment_move_stuff\open_gl_assignment_move_stuff.cpp(430,34): warning C4244: '=': conversion from 'double' to 'int', possible loss of data
C:\Users\wael2\Downloads\open_gl_assignment_move_stuff\open_gl_assignment_move_stuff\open_gl_assignment_move_stuff.cpp(430,44): warning C4244: '=': conversion from 'double' to 'int', possible loss of data
C:\Users\wael2\Downloads\open_gl_assignment_move_stuff\open_gl_assignment_move_stuff\open_gl_assignment_move_stuff.cpp(434,35): warning C4305: 'argument': truncation from 'double' to 'GLfloat'
C:\Users\wael2\Downloads\open_gl_assignment_move_stuff\open_gl_assignment_move_stuff\open_gl_assignment_move_stuff.cpp(435,24): warning C4244: 'argument': conversion from 'int' to 'GLfloat', possible loss of data
C:\Users\wael2\Downloads\open_gl_assignment_move_stuff\open_gl_assignment_move_stuff\open_gl_assignment_move_stuff.cpp(435,20): warning C4244: 'argument': conversion from 'int' to 'GLfloat', possible loss of data
C:\Users\wael2\Downloads\open_gl_assignment_move_stuff\open_gl_assignment_move_stuff\open_gl_assignment_move_stuff.cpp(436,24): warning C4244: 'argument': conversion from 'int' to 'GLfloat', possible loss of data
C:\Users\wael2\Downloads\open_gl_assignment_move_stuff\open_gl_assignment_move_stuff\open_gl_assignment_move_stuff.cpp(436,20): warning C4244: 'argument': conversion from 'int' to 'GLfloat', possible loss of data
C:\Users\wael2\Downloads\open_gl_assignment_move_stuff\open_gl_assignment_move_stuff\open_gl_assignment_move_stuff.cpp(437,24): warning C4244: 'argument': conversion from 'int' to 'GLfloat', possible loss of data
C:\Users\wael2\Downloads\open_gl_assignment_move_stuff\open_gl_assignment_move_stuff\open_gl_assignment_move_stuff.cpp(437,20): warning C4244: 'argument': conversion from 'int' to 'GLfloat', possible loss of data
C:\Users\wael2\Downloads\open_gl_assignment_move_stuff\open_gl_assignment_move_stuff\open_gl_assignment_move_stuff.cpp(438,24): warning C4244: 'argument': conversion from 'int' to 'GLfloat', possible loss of data
C:\Users\wael2\Downloads\open_gl_assignment_move_stuff\open_gl_assignment_move_stuff\open_gl_assignment_move_stuff.cpp(438,20): warning C4244: 'argument': conversion from 'int' to 'GLfloat', possible loss of data
C:\Users\wael2\Downloads\open_gl_assignment_move_stuff\open_gl_assignment_move_stuff\open_gl_assignment_move_stuff.cpp(448,14): warning C4244: '=': conversion from 'double' to 'int', possible loss of data
C:\Users\wael2\Downloads\open_gl_assignment_move_stuff\open_gl_assignment_move_stuff\open_gl_assignment_move_stuff.cpp(449,14): warning C4244: '=': conversion from 'double' to 'int', possible loss of data
C:\Users\wael2\Downloads\open_gl_assignment_move_stuff\open_gl_assignment_move_stuff\open_gl_assignment_move_stuff.cpp(450,14): warning C4244: '=': conversion from 'double' to 'int', possible loss of data
C:\Users\wael2\Downloads\open_gl_assignment_move_stuff\open_gl_assignment_move_stuff\open_gl_assignment_move_stuff.cpp(451,14): warning C4244: '=': conversion from 'double' to 'int', possible loss of data
C:\Users\wael2\Downloads\open_gl_assignment_move_stuff\open_gl_assignment_move_stuff\open_gl_assignment_move_stuff.cpp(452,14): warning C4244: '=': conversion from 'double' to 'int', possible loss of data
C:\Users\wael2\Downloads\open_gl_assignment_move_stuff\open_gl_assignment_move_stuff\open_gl_assignment_move_stuff.cpp(452,24): warning C4244: '=': conversion from 'double' to 'int', possible loss of data
C:\Users\wael2\Downloads\open_gl_assignment_move_stuff\open_gl_assignment_move_stuff\open_gl_assignment_move_stuff.cpp(452,34): warning C4244: '=': conversion from 'double' to 'int', possible loss of data
C:\Users\wael2\Downloads\open_gl_assignment_move_stuff\open_gl_assignment_move_stuff\open_gl_assignment_move_stuff.cpp(452,44): warning C4244: '=': conversion from 'double' to 'int', possible loss of data
C:\Users\wael2\Downloads\open_gl_assignment_move_stuff\open_gl_assignment_move_stuff\open_gl_assignment_move_stuff.cpp(456,35): warning C4305: 'argument': truncation from 'double' to 'GLfloat'
C:\Users\wael2\Downloads\open_gl_assignment_move_stuff\open_gl_assignment_move_stuff\open_gl_assignment_move_stuff.cpp(457,24): warning C4244: 'argument': conversion from 'int' to 'GLfloat', possible loss of data
C:\Users\wael2\Downloads\open_gl_assignment_move_stuff\open_gl_assignment_move_stuff\open_gl_assignment_move_stuff.cpp(457,20): warning C4244: 'argument': conversion from 'int' to 'GLfloat', possible loss of data
C:\Users\wael2\Downloads\open_gl_assignment_move_stuff\open_gl_assignment_move_stuff\open_gl_assignment_move_stuff.cpp(458,24): warning C4244: 'argument': conversion from 'int' to 'GLfloat', possible loss of data
C:\Users\wael2\Downloads\open_gl_assignment_move_stuff\open_gl_assignment_move_stuff\open_gl_assignment_move_stuff.cpp(458,20): warning C4244: 'argument': conversion from 'int' to 'GLfloat', possible loss of data
C:\Users\wael2\Downloads\open_gl_assignment_move_stuff\open_gl_assignment_move_stuff\open_gl_assignment_move_stuff.cpp(459,24): warning C4244: 'argument': conversion from 'int' to 'GLfloat', possible loss of data
C:\Users\wael2\Downloads\open_gl_assignment_move_stuff\open_gl_assignment_move_stuff\open_gl_assignment_move_stuff.cpp(459,20): warning C4244: 'argument': conversion from 'int' to 'GLfloat', possible loss of data
C:\Users\wael2\Downloads\open_gl_assignment_move_stuff\open_gl_assignment_move_stuff\open_gl_assignment_move_stuff.cpp(460,24): warning C4244: 'argument': conversion from 'int' to 'GLfloat', possible loss of data
C:\Users\wael2\Downloads\open_gl_assignment_move_stuff\open_gl_assignment_move_stuff\open_gl_assignment_move_stuff.cpp(460,20): warning C4244: 'argument': conversion from 'int' to 'GLfloat', possible loss of data
C:\Users\wael2\Downloads\open_gl_assignment_move_stuff\open_gl_assignment_move_stuff\open_gl_assignment_move_stuff.cpp(470,14): warning C4244: '=': conversion from 'double' to 'int', possible loss of data
C:\Users\wael2\Downloads\open_gl_assignment_move_stuff\open_gl_assignment_move_stuff\open_gl_assignment_move_stuff.cpp(471,14): warning C4244: '=': conversion from 'double' to 'int', possible loss of data
C:\Users\wael2\Downloads\open_gl_assignment_move_stuff\open_gl_assignment_move_stuff\open_gl_assignment_move_stuff.cpp(472,14): warning C4244: '=': conversion from 'double' to 'int', possible loss of data
C:\Users\wael2\Downloads\open_gl_assignment_move_stuff\open_gl_assignment_move_stuff\open_gl_assignment_move_stuff.cpp(473,14): warning C4244: '=': conversion from 'double' to 'int', possible loss of data
C:\Users\wael2\Downloads\open_gl_assignment_move_stuff\open_gl_assignment_move_stuff\open_gl_assignment_move_stuff.cpp(474,14): warning C4244: '=': conversion from 'double' to 'int', possible loss of data
C:\Users\wael2\Downloads\open_gl_assignment_move_stuff\open_gl_assignment_move_stuff\open_gl_assignment_move_stuff.cpp(474,24): warning C4244: '=': conversion from 'double' to 'int', possible loss of data
C:\Users\wael2\Downloads\open_gl_assignment_move_stuff\open_gl_assignment_move_stuff\open_gl_assignment_move_stuff.cpp(474,34): warning C4244: '=': conversion from 'double' to 'int', possible loss of data
C:\Users\wael2\Downloads\open_gl_assignment_move_stuff\open_gl_assignment_move_stuff\open_gl_assignment_move_stuff.cpp(474,44): warning C4244: '=': conversion from 'double' to 'int', possible loss of data
C:\Users\wael2\Downloads\open_gl_assignment_move_stuff\open_gl_assignment_move_stuff\open_gl_assignment_move_stuff.cpp(479,35): warning C4305: 'argument': truncation from 'double' to 'GLfloat'
C:\Users\wael2\Downloads\open_gl_assignment_move_stuff\open_gl_assignment_move_stuff\open_gl_assignment_move_stuff.cpp(480,24): warning C4244: 'argument': conversion from 'int' to 'GLfloat', possible loss of data
C:\Users\wael2\Downloads\open_gl_assignment_move_stuff\open_gl_assignment_move_stuff\open_gl_assignment_move_stuff.cpp(480,20): warning C4244: 'argument': conversion from 'int' to 'GLfloat', possible loss of data
C:\Users\wael2\Downloads\open_gl_assignment_move_stuff\open_gl_assignment_move_stuff\open_gl_assignment_move_stuff.cpp(481,24): warning C4244: 'argument': conversion from 'int' to 'GLfloat', possible loss of data
C:\Users\wael2\Downloads\open_gl_assignment_move_stuff\open_gl_assignment_move_stuff\open_gl_assignment_move_stuff.cpp(481,20): warning C4244: 'argument': conversion from 'int' to 'GLfloat', possible loss of data
C:\Users\wael2\Downloads\open_gl_assignment_move_stuff\open_gl_assignment_move_stuff\open_gl_assignment_move_stuff.cpp(482,24): warning C4244: 'argument': conversion from 'int' to 'GLfloat', possible loss of data
C:\Users\wael2\Downloads\open_gl_assignment_move_stuff\open_gl_assignment_move_stuff\open_gl_assignment_move_stuff.cpp(482,20): warning C4244: 'argument': conversion from 'int' to 'GLfloat', possible loss of data
C:\Users\wael2\Downloads\open_gl_assignment_move_stuff\open_gl_assignment_move_stuff\open_gl_assignment_move_stuff.cpp(483,24): warning C4244: 'argument': conversion from 'int' to 'GLfloat', possible loss of data
C:\Users\wael2\Downloads\open_gl_assignment_move_stuff\open_gl_assignment_move_stuff\open_gl_assignment_move_stuff.cpp(483,20): warning C4244: 'argument': conversion from 'int' to 'GLfloat', possible loss of data
C:\Users\wael2\Downloads\open_gl_assignment_move_stuff\open_gl_assignment_move_stuff\open_gl_assignment_move_stuff.cpp(493,14): warning C4244: '=': conversion from 'double' to 'int', possible loss of data
C:\Users\wael2\Downloads\open_gl_assignment_move_stuff\open_gl_assignment_move_stuff\open_gl_assignment_move_stuff.cpp(494,14): warning C4244: '=': conversion from 'double' to 'int', possible loss of data
C:\Users\wael2\Downloads\open_gl_assignment_move_stuff\open_gl_assignment_move_stuff\open_gl_assignment_move_stuff.cpp(495,14): warning C4244: '=': conversion from 'double' to 'int', possible loss of data
C:\Users\wael2\Downloads\open_gl_assignment_move_stuff\open_gl_assignment_move_stuff\open_gl_assignment_move_stuff.cpp(496,14): warning C4244: '=': conversion from 'double' to 'int', possible loss of data
C:\Users\wael2\Downloads\open_gl_assignment_move_stuff\open_gl_assignment_move_stuff\open_gl_assignment_move_stuff.cpp(497,14): warning C4244: '=': conversion from 'double' to 'int', possible loss of data
C:\Users\wael2\Downloads\open_gl_assignment_move_stuff\open_gl_assignment_move_stuff\open_gl_assignment_move_stuff.cpp(497,24): warning C4244: '=': conversion from 'double' to 'int', possible loss of data
C:\Users\wael2\Downloads\open_gl_assignment_move_stuff\open_gl_assignment_move_stuff\open_gl_assignment_move_stuff.cpp(497,34): warning C4244: '=': conversion from 'double' to 'int', possible loss of data
C:\Users\wael2\Downloads\open_gl_assignment_move_stuff\open_gl_assignment_move_stuff\open_gl_assignment_move_stuff.cpp(497,44): warning C4244: '=': conversion from 'double' to 'int', possible loss of data
C:\Users\wael2\Downloads\open_gl_assignment_move_stuff\open_gl_assignment_move_stuff\open_gl_assignment_move_stuff.cpp(502,35): warning C4305: 'argument': truncation from 'double' to 'GLfloat'
C:\Users\wael2\Downloads\open_gl_assignment_move_stuff\open_gl_assignment_move_stuff\open_gl_assignment_move_stuff.cpp(503,24): warning C4244: 'argument': conversion from 'int' to 'GLfloat', possible loss of data
C:\Users\wael2\Downloads\open_gl_assignment_move_stuff\open_gl_assignment_move_stuff\open_gl_assignment_move_stuff.cpp(503,20): warning C4244: 'argument': conversion from 'int' to 'GLfloat', possible loss of data
C:\Users\wael2\Downloads\open_gl_assignment_move_stuff\open_gl_assignment_move_stuff\open_gl_assignment_move_stuff.cpp(504,24): warning C4244: 'argument': conversion from 'int' to 'GLfloat', possible loss of data
C:\Users\wael2\Downloads\open_gl_assignment_move_stuff\open_gl_assignment_move_stuff\open_gl_assignment_move_stuff.cpp(504,20): warning C4244: 'argument': conversion from 'int' to 'GLfloat', possible loss of data
C:\Users\wael2\Downloads\open_gl_assignment_move_stuff\open_gl_assignment_move_stuff\open_gl_assignment_move_stuff.cpp(505,24): warning C4244: 'argument': conversion from 'int' to 'GLfloat', possible loss of data
C:\Users\wael2\Downloads\open_gl_assignment_move_stuff\open_gl_assignment_move_stuff\open_gl_assignment_move_stuff.cpp(505,20): warning C4244: 'argument': conversion from 'int' to 'GLfloat', possible loss of data
C:\Users\wael2\Downloads\open_gl_assignment_move_stuff\open_gl_assignment_move_stuff\open_gl_assignment_move_stuff.cpp(506,24): warning C4244: 'argument': conversion from 'int' to 'GLfloat', possible loss of data
C:\Users\wael2\Downloads\open_gl_assignment_move_stuff\open_gl_assignment_move_stuff\open_gl_assignment_move_stuff.cpp(506,20): warning C4244: 'argument': conversion from 'int' to 'GLfloat', possible loss of data
C:\Users\wael2\Downloads\open_gl_assignment_move_stuff\open_gl_assignment_move_stuff\open_gl_assignment_move_stuff.cpp(582,22): warning C4244: 'argument': conversion from 'float' to 'GLint', possible loss of data
C:\Users\wael2\Downloads\open_gl_assignment_move_stuff\open_gl_assignment_move_stuff\open_gl_assignment_move_stuff.cpp(582,16): warning C4244: 'argument': conversion from 'float' to 'GLint', possible loss of data
  Generating code
  Previous IPDB not found, fall back to full compilation.
  All 165 functions were compiled because no usable IPDB/IOBJ from previous compilation was found.
  Finished generating code
  open_gl_assignment_move_stuff.vcxproj -> C:\Users\wael2\Downloads\open_gl_assignment_move_stuff\x64\Release\open_gl_assignment_move_stuff.exe
